<?xml version="1.0" encoding="UTF-8"?>
<!-- Generated by org.testng.reporters.JUnitReportReporter -->
<testsuite hostname="DESKTOP-OMOB6BM" failures="0" tests="2" name="TestNG.testNGmethods" time="0.042" errors="0" timestamp="2024-05-05T13:20:15 IST" skipped="0">
  <testcase classname="TestNG.testNGmethods" name="modifyContact" time="0.006"/>
  <system-out/>
  <testcase classname="TestNG.testNGmethods" name="createContact" time="0.036"/>
  <system-out/>
</testsuite> <!-- TestNG.testNGmethods -->
