<?xml version="1.0" encoding="UTF-8"?>
<!-- Generated by org.testng.reporters.JUnitReportReporter -->
<testsuite hostname="DESKTOP-OMOB6BM" failures="0" tests="1" name="SeleniumRevision.WebelementMethos" time="23.351" errors="0" timestamp="2024-04-22T17:12:35 IST" skipped="0">
  <testcase classname="SeleniumRevision.WebelementMethos" name="webmeyhods" time="23.351"/>
  <system-out/>
</testsuite> <!-- SeleniumRevision.WebelementMethos -->
